🕷  Amazon India Luggage Scraper (MANUAL LOGIN MODE)
   Brands:   ['Safari', 'Skybags', 'American Tourister', 'VIP']
   Products: 10/brand
   Reviews:  50/brand


=======================================================
  1. Navigating directly to Amazon Sign-In page...
  2. Attempting automated login from .env...
=======================================================

  → Entering email...
  → Entering password...

✓ Auto-login successful (or already signed in)!


=======================================================
🏷  Safari
=======================================================
  GET https://www.amazon.in/s?k=Safari+luggage
  Page 1: 48 cards
  Page 2: 48 cards
  Page 3: 48 cards
  ✓ 10 products scraped

  📝 B0DNMVSTL8 — Urban Jungle…
     → 6 reviews

  📝 B0D79727MK — Urban Jungle…
     → 6 reviews

  📝 B0F5HKFPWR — American Tourister…
     → 6 reviews

  📝 B0C24GPS2C — Urban Jungle…
     → 6 reviews

  📝 B0CW9T2Y43 — American Tourister…
     → 6 reviews

  📝 B09G72J5Y6 — Nasher Miles…
     → 6 reviews

  📝 B0FDGHHX8S — Urban Jungle…
